2023/05/16 03:13:17 [notice] 1#1: signal 3 (SIGQUIT) received, shutting down
2023/05/16 03:13:17 [notice] 29#29: gracefully shutting down
2023/05/16 03:13:17 [notice] 28#28: gracefully shutting down
2023/05/16 03:13:17 [notice] 29#29: exiting
2023/05/16 03:13:17 [notice] 28#28: exiting
2023/05/16 03:13:17 [notice] 29#29: exit
2023/05/16 03:13:17 [notice] 28#28: exit
2023/05/16 03:13:18 [notice] 1#1: signal 17 (SIGCHLD) received from 29
2023/05/16 03:13:18 [notice] 1#1: worker process 29 exited with code 0
2023/05/16 03:13:18 [notice] 1#1: signal 29 (SIGIO) received
2023/05/16 03:13:18 [notice] 1#1: signal 17 (SIGCHLD) received from 28
2023/05/16 03:13:18 [notice] 1#1: worker process 28 exited with code 0
2023/05/16 03:13:18 [notice] 1#1: exit
2023/05/16 18:51:50 [notice] 1#1: using the "epoll" event method
2023/05/16 18:51:50 [notice] 1#1: nginx/1.23.2
2023/05/16 18:51:50 [notice] 1#1: built by gcc 10.2.1 20210110 (Debian 10.2.1-6) 
2023/05/16 18:51:50 [notice] 1#1: OS: Linux 6.3.1-arch2-1
2023/05/16 18:51:50 [notice] 1#1: getrlimit(RLIMIT_NOFILE): 1073741816:1073741816
2023/05/16 18:51:50 [notice] 1#1: start worker processes
2023/05/16 18:51:50 [notice] 1#1: start worker process 28
2023/05/16 18:51:50 [notice] 1#1: start worker process 29
2023/05/16 18:56:49 [notice] 1#1: signal 3 (SIGQUIT) received, shutting down
2023/05/16 18:56:49 [notice] 29#29: gracefully shutting down
2023/05/16 18:56:49 [notice] 29#29: exiting
2023/05/16 18:56:49 [notice] 29#29: exit
2023/05/16 18:56:49 [notice] 28#28: gracefully shutting down
2023/05/16 18:56:49 [notice] 28#28: exiting
2023/05/16 18:56:49 [notice] 28#28: exit
2023/05/16 18:56:49 [notice] 1#1: signal 17 (SIGCHLD) received from 28
2023/05/16 18:56:49 [notice] 1#1: worker process 28 exited with code 0
2023/05/16 18:56:49 [notice] 1#1: worker process 29 exited with code 0
2023/05/16 18:56:49 [notice] 1#1: exit
2023/05/16 18:57:17 [notice] 1#1: using the "epoll" event method
2023/05/16 18:57:17 [notice] 1#1: nginx/1.23.2
2023/05/16 18:57:17 [notice] 1#1: built by gcc 10.2.1 20210110 (Debian 10.2.1-6) 
2023/05/16 18:57:17 [notice] 1#1: OS: Linux 6.3.1-arch2-1
2023/05/16 18:57:17 [notice] 1#1: getrlimit(RLIMIT_NOFILE): 1073741816:1073741816
2023/05/16 18:57:17 [notice] 1#1: start worker processes
2023/05/16 18:57:17 [notice] 1#1: start worker process 28
2023/05/16 18:57:17 [notice] 1#1: start worker process 29
2023/05/16 18:58:32 [notice] 1#1: signal 3 (SIGQUIT) received, shutting down
2023/05/16 18:58:32 [notice] 29#29: gracefully shutting down
2023/05/16 18:58:32 [notice] 29#29: exiting
2023/05/16 18:58:32 [notice] 29#29: exit
2023/05/16 18:58:32 [notice] 28#28: gracefully shutting down
2023/05/16 18:58:32 [notice] 28#28: exiting
2023/05/16 18:58:32 [notice] 28#28: exit
2023/05/16 18:58:32 [notice] 1#1: signal 17 (SIGCHLD) received from 29
2023/05/16 18:58:32 [notice] 1#1: worker process 28 exited with code 0
2023/05/16 18:58:32 [notice] 1#1: worker process 29 exited with code 0
2023/05/16 18:58:32 [notice] 1#1: exit
2023/05/16 18:59:03 [notice] 1#1: using the "epoll" event method
2023/05/16 18:59:03 [notice] 1#1: nginx/1.23.2
2023/05/16 18:59:03 [notice] 1#1: built by gcc 10.2.1 20210110 (Debian 10.2.1-6) 
2023/05/16 18:59:03 [notice] 1#1: OS: Linux 6.3.1-arch2-1
2023/05/16 18:59:03 [notice] 1#1: getrlimit(RLIMIT_NOFILE): 1073741816:1073741816
2023/05/16 18:59:03 [notice] 1#1: start worker processes
2023/05/16 18:59:03 [notice] 1#1: start worker process 28
2023/05/16 18:59:03 [notice] 1#1: start worker process 29
2023/05/16 19:02:22 [notice] 1#1: signal 3 (SIGQUIT) received, shutting down
2023/05/16 19:02:22 [notice] 29#29: gracefully shutting down
2023/05/16 19:02:22 [notice] 28#28: gracefully shutting down
2023/05/16 19:02:22 [notice] 29#29: exiting
2023/05/16 19:02:22 [notice] 28#28: exiting
2023/05/16 19:02:22 [notice] 29#29: exit
2023/05/16 19:02:22 [notice] 28#28: exit
2023/05/16 19:02:22 [notice] 1#1: signal 17 (SIGCHLD) received from 29
2023/05/16 19:02:22 [notice] 1#1: worker process 29 exited with code 0
2023/05/16 19:02:22 [notice] 1#1: signal 29 (SIGIO) received
2023/05/16 19:02:22 [notice] 1#1: signal 17 (SIGCHLD) received from 28
2023/05/16 19:02:22 [notice] 1#1: worker process 28 exited with code 0
2023/05/16 19:02:22 [notice] 1#1: exit
2023/05/16 19:02:45 [notice] 1#1: using the "epoll" event method
2023/05/16 19:02:45 [notice] 1#1: nginx/1.23.2
2023/05/16 19:02:45 [notice] 1#1: built by gcc 10.2.1 20210110 (Debian 10.2.1-6) 
2023/05/16 19:02:45 [notice] 1#1: OS: Linux 6.3.1-arch2-1
2023/05/16 19:02:45 [notice] 1#1: getrlimit(RLIMIT_NOFILE): 1073741816:1073741816
2023/05/16 19:02:45 [notice] 1#1: start worker processes
2023/05/16 19:02:45 [notice] 1#1: start worker process 27
2023/05/16 19:02:45 [notice] 1#1: start worker process 28
2023/05/16 19:05:47 [notice] 1#1: signal 3 (SIGQUIT) received, shutting down
2023/05/16 19:05:47 [notice] 27#27: gracefully shutting down
2023/05/16 19:05:47 [notice] 27#27: exiting
2023/05/16 19:05:47 [notice] 27#27: exit
2023/05/16 19:05:47 [notice] 28#28: gracefully shutting down
2023/05/16 19:05:47 [notice] 28#28: exiting
2023/05/16 19:05:47 [notice] 28#28: exit
2023/05/16 19:05:47 [notice] 1#1: signal 17 (SIGCHLD) received from 27
2023/05/16 19:05:47 [notice] 1#1: worker process 27 exited with code 0
2023/05/16 19:05:47 [notice] 1#1: worker process 28 exited with code 0
2023/05/16 19:05:47 [notice] 1#1: exit
2023/05/16 19:06:10 [notice] 1#1: using the "epoll" event method
2023/05/16 19:06:10 [notice] 1#1: nginx/1.23.2
2023/05/16 19:06:10 [notice] 1#1: built by gcc 10.2.1 20210110 (Debian 10.2.1-6) 
2023/05/16 19:06:10 [notice] 1#1: OS: Linux 6.3.1-arch2-1
2023/05/16 19:06:10 [notice] 1#1: getrlimit(RLIMIT_NOFILE): 1073741816:1073741816
2023/05/16 19:06:10 [notice] 1#1: start worker processes
2023/05/16 19:06:10 [notice] 1#1: start worker process 27
2023/05/16 19:06:10 [notice] 1#1: start worker process 28
2023/05/16 19:09:05 [notice] 1#1: signal 3 (SIGQUIT) received, shutting down
2023/05/16 19:09:05 [notice] 27#27: gracefully shutting down
2023/05/16 19:09:05 [notice] 27#27: exiting
2023/05/16 19:09:05 [notice] 27#27: exit
2023/05/16 19:09:05 [notice] 28#28: gracefully shutting down
2023/05/16 19:09:05 [notice] 28#28: exiting
2023/05/16 19:09:05 [notice] 28#28: exit
2023/05/16 19:09:05 [notice] 1#1: signal 17 (SIGCHLD) received from 27
2023/05/16 19:09:05 [notice] 1#1: worker process 27 exited with code 0
2023/05/16 19:09:05 [notice] 1#1: worker process 28 exited with code 0
2023/05/16 19:09:05 [notice] 1#1: exit
2023/05/16 19:09:29 [notice] 1#1: using the "epoll" event method
2023/05/16 19:09:29 [notice] 1#1: nginx/1.23.2
2023/05/16 19:09:29 [notice] 1#1: built by gcc 10.2.1 20210110 (Debian 10.2.1-6) 
2023/05/16 19:09:29 [notice] 1#1: OS: Linux 6.3.1-arch2-1
2023/05/16 19:09:29 [notice] 1#1: getrlimit(RLIMIT_NOFILE): 1073741816:1073741816
2023/05/16 19:09:29 [notice] 1#1: start worker processes
2023/05/16 19:09:29 [notice] 1#1: start worker process 28
2023/05/16 19:09:29 [notice] 1#1: start worker process 29
2023/05/16 19:11:36 [notice] 1#1: signal 3 (SIGQUIT) received, shutting down
2023/05/16 19:11:36 [notice] 28#28: gracefully shutting down
2023/05/16 19:11:36 [notice] 28#28: exiting
2023/05/16 19:11:36 [notice] 28#28: exit
2023/05/16 19:11:36 [notice] 29#29: gracefully shutting down
2023/05/16 19:11:36 [notice] 29#29: exiting
2023/05/16 19:11:36 [notice] 29#29: exit
2023/05/16 19:11:36 [notice] 1#1: signal 17 (SIGCHLD) received from 28
2023/05/16 19:11:36 [notice] 1#1: worker process 28 exited with code 0
2023/05/16 19:11:36 [notice] 1#1: signal 29 (SIGIO) received
2023/05/16 19:11:36 [notice] 1#1: signal 17 (SIGCHLD) received from 29
2023/05/16 19:11:36 [notice] 1#1: worker process 29 exited with code 0
2023/05/16 19:11:36 [notice] 1#1: exit
2023/05/16 19:12:04 [notice] 1#1: using the "epoll" event method
2023/05/16 19:12:04 [notice] 1#1: nginx/1.23.2
2023/05/16 19:12:04 [notice] 1#1: built by gcc 10.2.1 20210110 (Debian 10.2.1-6) 
2023/05/16 19:12:04 [notice] 1#1: OS: Linux 6.3.1-arch2-1
2023/05/16 19:12:04 [notice] 1#1: getrlimit(RLIMIT_NOFILE): 1073741816:1073741816
2023/05/16 19:12:04 [notice] 1#1: start worker processes
2023/05/16 19:12:04 [notice] 1#1: start worker process 28
2023/05/16 19:12:04 [notice] 1#1: start worker process 29
